2017-10-17 23:14:10,192 INFO [org.quartz.impl.StdSchedulerFactory] - Using default implementation for ThreadExecutor
2017-10-17 23:14:10,210 INFO [org.quartz.core.SchedulerSignalerImpl] - Initialized Scheduler Signaller of type: class org.quartz.core.SchedulerSignalerImpl
2017-10-17 23:14:10,211 INFO [org.quartz.core.QuartzScheduler] - Quartz Scheduler v.2.3.0 created.
2017-10-17 23:14:10,213 INFO [org.quartz.simpl.RAMJobStore] - RAMJobStore initialized.
2017-10-17 23:14:10,214 INFO [org.quartz.core.QuartzScheduler] - Scheduler meta-data: Quartz Scheduler (v2.3.0) 'scheduleFactory' with instanceId 'NON_CLUSTERED'
  Scheduler class: 'org.quartz.core.QuartzScheduler' - running locally.
  NOT STARTED.
  Currently in standby mode.
  Number of jobs executed: 0
  Using thread pool 'org.quartz.simpl.SimpleThreadPool' - with 10 threads.
  Using job-store 'org.quartz.simpl.RAMJobStore' - which does not support persistence. and is not clustered.

2017-10-17 23:14:10,215 INFO [org.quartz.impl.StdSchedulerFactory] - Quartz scheduler 'scheduleFactory' initialized from an externally provided properties instance.
2017-10-17 23:14:10,215 INFO [org.quartz.impl.StdSchedulerFactory] - Quartz scheduler version: 2.3.0
2017-10-17 23:14:10,216 INFO [org.quartz.core.QuartzScheduler] - JobFactory set to: org.springframework.scheduling.quartz.AdaptableJobFactory@6cc4cdb9
2017-10-17 23:14:10,279 INFO [org.quartz.core.QuartzScheduler] - Scheduler scheduleFactory_$_NON_CLUSTERED started.
2017-10-17 23:40:29,236 INFO [org.quartz.impl.StdSchedulerFactory] - Using default implementation for ThreadExecutor
2017-10-17 23:40:29,253 INFO [org.quartz.core.SchedulerSignalerImpl] - Initialized Scheduler Signaller of type: class org.quartz.core.SchedulerSignalerImpl
2017-10-17 23:40:29,253 INFO [org.quartz.core.QuartzScheduler] - Quartz Scheduler v.2.3.0 created.
2017-10-17 23:40:29,254 INFO [org.quartz.simpl.RAMJobStore] - RAMJobStore initialized.
2017-10-17 23:40:29,257 INFO [org.quartz.core.QuartzScheduler] - Scheduler meta-data: Quartz Scheduler (v2.3.0) 'scheduleFactory' with instanceId 'NON_CLUSTERED'
  Scheduler class: 'org.quartz.core.QuartzScheduler' - running locally.
  NOT STARTED.
  Currently in standby mode.
  Number of jobs executed: 0
  Using thread pool 'org.quartz.simpl.SimpleThreadPool' - with 10 threads.
  Using job-store 'org.quartz.simpl.RAMJobStore' - which does not support persistence. and is not clustered.

2017-10-17 23:40:29,257 INFO [org.quartz.impl.StdSchedulerFactory] - Quartz scheduler 'scheduleFactory' initialized from an externally provided properties instance.
2017-10-17 23:40:29,257 INFO [org.quartz.impl.StdSchedulerFactory] - Quartz scheduler version: 2.3.0
2017-10-17 23:40:29,259 INFO [org.quartz.core.QuartzScheduler] - JobFactory set to: org.springframework.scheduling.quartz.AdaptableJobFactory@6cc4cdb9
2017-10-17 23:40:29,318 INFO [org.quartz.core.QuartzScheduler] - Scheduler scheduleFactory_$_NON_CLUSTERED started.
2017-10-17 23:41:54,805 INFO [org.quartz.impl.StdSchedulerFactory] - Using default implementation for ThreadExecutor
2017-10-17 23:41:54,825 INFO [org.quartz.core.SchedulerSignalerImpl] - Initialized Scheduler Signaller of type: class org.quartz.core.SchedulerSignalerImpl
2017-10-17 23:41:54,825 INFO [org.quartz.core.QuartzScheduler] - Quartz Scheduler v.2.3.0 created.
2017-10-17 23:41:54,826 INFO [org.quartz.simpl.RAMJobStore] - RAMJobStore initialized.
2017-10-17 23:41:54,830 INFO [org.quartz.core.QuartzScheduler] - Scheduler meta-data: Quartz Scheduler (v2.3.0) 'scheduleFactory' with instanceId 'NON_CLUSTERED'
  Scheduler class: 'org.quartz.core.QuartzScheduler' - running locally.
  NOT STARTED.
  Currently in standby mode.
  Number of jobs executed: 0
  Using thread pool 'org.quartz.simpl.SimpleThreadPool' - with 10 threads.
  Using job-store 'org.quartz.simpl.RAMJobStore' - which does not support persistence. and is not clustered.

2017-10-17 23:41:54,831 INFO [org.quartz.impl.StdSchedulerFactory] - Quartz scheduler 'scheduleFactory' initialized from an externally provided properties instance.
2017-10-17 23:41:54,831 INFO [org.quartz.impl.StdSchedulerFactory] - Quartz scheduler version: 2.3.0
2017-10-17 23:41:54,832 INFO [org.quartz.core.QuartzScheduler] - JobFactory set to: org.springframework.scheduling.quartz.AdaptableJobFactory@6cc4cdb9
2017-10-17 23:41:54,902 INFO [org.quartz.core.QuartzScheduler] - Scheduler scheduleFactory_$_NON_CLUSTERED started.
